0 info it worked if it ends with ok
1 verbose cli [ 'C:\\nodejs\\node.exe',
1 verbose cli   'C:\\nodejs\\node_modules\\npm\\bin\\npm-cli.js',
1 verbose cli   'install',
1 verbose cli   '-g',
1 verbose cli   'material-design-icons' ]
2 info using npm@3.10.8
3 info using node@v7.0.0
4 silly loadCurrentTree Starting
5 silly install loadCurrentTree
6 silly install readGlobalPackageData
7 silly fetchPackageMetaData material-design-icons
8 silly fetchNamedPackageData material-design-icons
9 silly mapToRegistry name material-design-icons
10 silly mapToRegistry using default registry
11 silly mapToRegistry registry https://registry.npmjs.org/
12 silly mapToRegistry data Result {
12 silly mapToRegistry   raw: 'material-design-icons',
12 silly mapToRegistry   scope: null,
12 silly mapToRegistry   escapedName: 'material-design-icons',
12 silly mapToRegistry   name: 'material-design-icons',
12 silly mapToRegistry   rawSpec: '',
12 silly mapToRegistry   spec: 'latest',
12 silly mapToRegistry   type: 'tag' }
13 silly mapToRegistry uri https://registry.npmjs.org/material-design-icons
14 verbose request uri https://registry.npmjs.org/material-design-icons
15 verbose request no auth needed
16 info attempt registry request try #1 at 19:26:43
17 verbose request id 71d4a37dadf2eabc
18 http request GET https://registry.npmjs.org/material-design-icons
19 http 200 https://registry.npmjs.org/material-design-icons
20 verbose headers { server: 'nginx/1.10.1',
20 verbose headers   'content-type': 'application/json',
20 verbose headers   'last-modified': 'Wed, 02 Nov 2016 19:59:23 GMT',
20 verbose headers   etag: 'W/"581a459b-4e11"',
20 verbose headers   'content-encoding': 'gzip',
20 verbose headers   'cache-control': 'max-age=300',
20 verbose headers   'content-length': '3319',
20 verbose headers   'accept-ranges': 'bytes',
20 verbose headers   date: 'Mon, 14 Nov 2016 21:26:44 GMT',
20 verbose headers   via: '1.1 varnish',
20 verbose headers   age: '0',
20 verbose headers   connection: 'keep-alive',
20 verbose headers   'x-served-by': 'cache-gru7127-GRU',
20 verbose headers   'x-cache': 'HIT',
20 verbose headers   'x-cache-hits': '1',
20 verbose headers   'x-timer': 'S1479158804.615027,VS0,VE185',
20 verbose headers   vary: 'Accept-Encoding' }
21 silly get cb [ 200,
21 silly get   { server: 'nginx/1.10.1',
21 silly get     'content-type': 'application/json',
21 silly get     'last-modified': 'Wed, 02 Nov 2016 19:59:23 GMT',
21 silly get     etag: 'W/"581a459b-4e11"',
21 silly get     'content-encoding': 'gzip',
21 silly get     'cache-control': 'max-age=300',
21 silly get     'content-length': '3319',
21 silly get     'accept-ranges': 'bytes',
21 silly get     date: 'Mon, 14 Nov 2016 21:26:44 GMT',
21 silly get     via: '1.1 varnish',
21 silly get     age: '0',
21 silly get     connection: 'keep-alive',
21 silly get     'x-served-by': 'cache-gru7127-GRU',
21 silly get     'x-cache': 'HIT',
21 silly get     'x-cache-hits': '1',
21 silly get     'x-timer': 'S1479158804.615027,VS0,VE185',
21 silly get     vary: 'Accept-Encoding' } ]
22 verbose get saving material-design-icons to C:\Users\Rodrigo\AppData\Roaming\npm-cache\registry.npmjs.org\material-design-icons\.cache.json
23 verbose correctMkdir C:\Users\Rodrigo\AppData\Roaming\npm-cache correctMkdir not in flight; initializing
24 silly install normalizeTree
25 silly loadCurrentTree Finishing
26 silly loadIdealTree Starting
27 silly install loadIdealTree
28 silly cloneCurrentTree Starting
29 silly install cloneCurrentTreeToIdealTree
30 silly cloneCurrentTree Finishing
31 silly loadShrinkwrap Starting
32 silly install loadShrinkwrap
33 silly loadShrinkwrap Finishing
34 silly loadAllDepsIntoIdealTree Starting
35 silly install loadAllDepsIntoIdealTree
36 silly resolveWithNewModule material-design-icons@3.0.1 checking installable status
37 silly cache add args [ 'material-design-icons', null ]
38 verbose cache add spec material-design-icons
39 silly cache add parsed spec Result {
39 silly cache add   raw: 'material-design-icons',
39 silly cache add   scope: null,
39 silly cache add   escapedName: 'material-design-icons',
39 silly cache add   name: 'material-design-icons',
39 silly cache add   rawSpec: '',
39 silly cache add   spec: 'latest',
39 silly cache add   type: 'tag' }
40 silly addNamed material-design-icons@latest
41 verbose addNamed "latest" is being treated as a dist-tag for material-design-icons
42 info addNameTag [ 'material-design-icons', 'latest' ]
43 silly mapToRegistry name material-design-icons
44 silly mapToRegistry using default registry
45 silly mapToRegistry registry https://registry.npmjs.org/
46 silly mapToRegistry data Result {
46 silly mapToRegistry   raw: 'material-design-icons',
46 silly mapToRegistry   scope: null,
46 silly mapToRegistry   escapedName: 'material-design-icons',
46 silly mapToRegistry   name: 'material-design-icons',
46 silly mapToRegistry   rawSpec: '',
46 silly mapToRegistry   spec: 'latest',
46 silly mapToRegistry   type: 'tag' }
47 silly mapToRegistry uri https://registry.npmjs.org/material-design-icons
48 verbose addNameTag registry:https://registry.npmjs.org/material-design-icons not in flight; fetching
49 verbose get https://registry.npmjs.org/material-design-icons not expired, no request
50 silly addNameTag next cb for material-design-icons with tag latest
51 silly addNamed material-design-icons@3.0.1
52 verbose addNamed "3.0.1" is a plain semver version for material-design-icons
53 silly mapToRegistry name material-design-icons
54 silly mapToRegistry using default registry
55 silly mapToRegistry registry https://registry.npmjs.org/
56 silly mapToRegistry data Result {
56 silly mapToRegistry   raw: 'material-design-icons',
56 silly mapToRegistry   scope: null,
56 silly mapToRegistry   escapedName: 'material-design-icons',
56 silly mapToRegistry   name: 'material-design-icons',
56 silly mapToRegistry   rawSpec: '',
56 silly mapToRegistry   spec: 'latest',
56 silly mapToRegistry   type: 'tag' }
57 silly mapToRegistry uri https://registry.npmjs.org/material-design-icons
58 verbose addRemoteTarball https://registry.npmjs.org/material-design-icons/-/material-design-icons-3.0.1.tgz not in flight; adding
59 verbose addRemoteTarball [ 'https://registry.npmjs.org/material-design-icons/-/material-design-icons-3.0.1.tgz',
59 verbose addRemoteTarball   '9a71c48747218ebca51e51a66da682038cdcb7bf' ]
60 info retry fetch attempt 1 at 19:26:44
61 info attempt registry request try #1 at 19:26:44
62 http fetch GET https://registry.npmjs.org/material-design-icons/-/material-design-icons-3.0.1.tgz
63 http fetch 200 https://registry.npmjs.org/material-design-icons/-/material-design-icons-3.0.1.tgz
64 info retry will retry, error on last attempt: Error: read ECONNRESET
65 silly fetchAndShaCheck shasum 9a71c48747218ebca51e51a66da682038cdcb7bf
66 silly rollbackFailedOptional Starting
67 silly rollbackFailedOptional Finishing
68 silly runTopLevelLifecycles Finishing
69 silly install printInstalled
70 verbose stack Error: shasum check failed for C:\Users\Rodrigo\AppData\Local\Temp\npm-4260-348d7cce\registry.npmjs.org\material-design-icons\-\material-design-icons-3.0.1.tgz
70 verbose stack Expected: 9a71c48747218ebca51e51a66da682038cdcb7bf
70 verbose stack Actual:   c8e4f2fbcd7169c85b9c291a66ab9966565e3cfa
70 verbose stack From:     https://registry.npmjs.org/material-design-icons/-/material-design-icons-3.0.1.tgz
70 verbose stack     at C:\nodejs\node_modules\npm\node_modules\sha\index.js:25:8
70 verbose stack     at ReadStream.<anonymous> (C:\nodejs\node_modules\npm\node_modules\sha\index.js:72:7)
70 verbose stack     at emitNone (events.js:91:20)
70 verbose stack     at ReadStream.emit (events.js:185:7)
70 verbose stack     at endReadableNT (_stream_readable.js:974:12)
70 verbose stack     at _combinedTickCallback (internal/process/next_tick.js:74:11)
70 verbose stack     at process._tickCallback (internal/process/next_tick.js:98:9)
71 verbose cwd C:\phonegap\tp1
72 error Windows_NT 6.1.7601
73 error argv "C:\\nodejs\\node.exe" "C:\\nodejs\\node_modules\\npm\\bin\\npm-cli.js" "install" "-g" "material-design-icons"
74 error node v7.0.0
75 error npm  v3.10.8
76 error shasum check failed for C:\Users\Rodrigo\AppData\Local\Temp\npm-4260-348d7cce\registry.npmjs.org\material-design-icons\-\material-design-icons-3.0.1.tgz
76 error Expected: 9a71c48747218ebca51e51a66da682038cdcb7bf
76 error Actual:   c8e4f2fbcd7169c85b9c291a66ab9966565e3cfa
76 error From:     https://registry.npmjs.org/material-design-icons/-/material-design-icons-3.0.1.tgz
77 error If you need help, you may report this error at:
77 error     <https://github.com/npm/npm/issues>
78 verbose exit [ 1, true ]
